<?xml version="1.0" encoding="UTF-8"?>
<!-- Generated by org.testng.reporters.JUnitXMLReporter -->
<testsuite hostname="KatonovV" name="Check a count of search results" tests="1" failures="1" timestamp="12 Sep 2014 18:14:48 GMT" time="30.746" errors="0">
  <testcase name="xTest" time="30.305" classname="demo.test.DemoTest">
    <failure type="junit.framework.AssertionFailedError" message="null">
      <![CDATA[junit.framework.AssertionFailedError: null
	at junit.framework.Assert.fail(Assert.java:47)
	at junit.framework.Assert.assertTrue(Assert.java:20)
	at junit.framework.Assert.assertTrue(Assert.java:27)
	at webdriver.Logger.fatal(Logger.java:256)
	at webdriver.BaseEntity.fatal(BaseEntity.java:93)
	at webdriver.BaseForm.assertIsOpen(BaseForm.java:98)
	at webdriver.BaseForm.<init>(BaseForm.java:37)
	at demo.test.forms.TutSearchForm.<init>(TutSearchForm.java:29)
	at demo.test.DemoTest.runTest(DemoTest.java:14)
	at webdriver.BaseTest.xTest(BaseTest.java:26)
... Removed 24 stack frames]]>
    </failure>
  </testcase> <!-- xTest -->
</testsuite> <!-- Check a count of search results -->
